24/Aug/2019 09:11:03 || E || UserDetailsDAO || IsAuthenticated ||  Error occurred while Authenticating User || Key cannot be null.
Parameter name: key || StackTrace:   at System.Collections.Hashtable.get_Item(Object key)
   at MySql.Data.MySqlClient.MySqlPoolManager.GetPool(MySqlConnectionStringBuilder settings)
   at MySql.Data.MySqlClient.MySqlConnection.Open()
   at ITM.Courses.DAO.UserDetailsDAO.IsAuthenticated(String userName, String password, String cnxnString, String logPath) in D:\VancoTechnologies\Code\MOOC\Course\DAO\UserDetailsDAO.cs:line 607
10/Sep/2019 15:25:19 || E || UserDetailsDAO || IsAuthenticated ||  Error occurred while Authenticating User || Key cannot be null.
Parameter name: key || StackTrace:   at System.Collections.Hashtable.get_Item(Object key)
   at MySql.Data.MySqlClient.MySqlPoolManager.GetPool(MySqlConnectionStringBuilder settings)
   at MySql.Data.MySqlClient.MySqlConnection.Open()
   at ITM.Courses.DAO.UserDetailsDAO.IsAuthenticated(String userName, String password, String cnxnString, String logPath) in d:\VancoTechnologies\Code\MOOC\Course\DAO\UserDetailsDAO.cs:line 607
10/Sep/2019 15:25:53 || E || UserDetailsDAO || IsAuthenticated ||  Error occurred while Authenticating User || Key cannot be null.
Parameter name: key || StackTrace:   at System.Collections.Hashtable.get_Item(Object key)
   at MySql.Data.MySqlClient.MySqlPoolManager.GetPool(MySqlConnectionStringBuilder settings)
   at MySql.Data.MySqlClient.MySqlConnection.Open()
   at ITM.Courses.DAO.UserDetailsDAO.IsAuthenticated(String userName, String password, String cnxnString, String logPath) in d:\VancoTechnologies\Code\MOOC\Course\DAO\UserDetailsDAO.cs:line 607
10/Sep/2019 15:26:32 || E || UserDetailsDAO || IsAuthenticated ||  Error occurred while Authenticating User || Key cannot be null.
Parameter name: key || StackTrace:   at System.Collections.Hashtable.get_Item(Object key)
   at MySql.Data.MySqlClient.MySqlPoolManager.GetPool(MySqlConnectionStringBuilder settings)
   at MySql.Data.MySqlClient.MySqlConnection.Open()
   at ITM.Courses.DAO.UserDetailsDAO.IsAuthenticated(String userName, String password, String cnxnString, String logPath) in d:\VancoTechnologies\Code\MOOC\Course\DAO\UserDetailsDAO.cs:line 607
10/Sep/2019 15:26:38 || E || UserDetailsDAO || IsAuthenticated ||  Error occurred while Authenticating User || Key cannot be null.
Parameter name: key || StackTrace:   at System.Collections.Hashtable.get_Item(Object key)
   at MySql.Data.MySqlClient.MySqlPoolManager.GetPool(MySqlConnectionStringBuilder settings)
   at MySql.Data.MySqlClient.MySqlConnection.Open()
   at ITM.Courses.DAO.UserDetailsDAO.IsAuthenticated(String userName, String password, String cnxnString, String logPath) in d:\VancoTechnologies\Code\MOOC\Course\DAO\UserDetailsDAO.cs:line 607
10/Sep/2019 15:27:21 || E || UserDetailsDAO || IsAuthenticated ||  Error occurred while Authenticating User || Key cannot be null.
Parameter name: key || StackTrace:   at System.Collections.Hashtable.get_Item(Object key)
   at MySql.Data.MySqlClient.MySqlPoolManager.GetPool(MySqlConnectionStringBuilder settings)
   at MySql.Data.MySqlClient.MySqlConnection.Open()
   at ITM.Courses.DAO.UserDetailsDAO.IsAuthenticated(String userName, String password, String cnxnString, String logPath) in d:\VancoTechnologies\Code\MOOC\Course\DAO\UserDetailsDAO.cs:line 607
10/Sep/2019 15:28:23 || E || UserDetailsDAO || IsAuthenticated ||  Error occurred while Authenticating User || Key cannot be null.
Parameter name: key || StackTrace:   at System.Collections.Hashtable.get_Item(Object key)
   at MySql.Data.MySqlClient.MySqlPoolManager.GetPool(MySqlConnectionStringBuilder settings)
   at MySql.Data.MySqlClient.MySqlConnection.Open()
   at ITM.Courses.DAO.UserDetailsDAO.IsAuthenticated(String userName, String password, String cnxnString, String logPath) in d:\VancoTechnologies\Code\MOOC\Course\DAO\UserDetailsDAO.cs:line 607
